<?xml version="1.0" encoding="UTF-8"?>
<testsuite xmlns:xsi="http://www.w3.org/2001/XMLSchema-instance" xsi:schemaLocation="https://maven.apache.org/surefire/maven-surefire-plugin/xsd/surefire-test-report.xsd" name="TestSuite" time="1.117" tests="4" errors="0" skipped="0" failures="0">
  <properties>
    <property name="PROCESSOR_ARCHITECTURE" value="AMD64"/>
    <property name="file.encoding.pkg" value="sun.io"/>
    <property name="ConEmuArgs2" value=""/>
    <property name="LOGONSERVER" value="\\MMR"/>
    <property name="ProgramData" value="C:\ProgramData"/>
    <property name="java.home" value="C:\Program Files\Java\jdk1.8.0_45\jre"/>
    <property name="Platform" value="MCD"/>
    <property name="aliases" value="C:\Users\Viswanath Lingum\Downloads\config\user-aliases.cmd"/>
    <property name="NODE_NAME" value="master"/>
    <property name="JENKINS_URL" value="http://localhost:8080/"/>
    <property name="ALLUSERSPROFILE" value="C:\ProgramData"/>
    <property name="java.endorsed.dirs" value="C:\Program Files\Java\jdk1.8.0_45\jre\lib\endorsed"/>
    <property name="user-aliases" value="C:\Users\Viswanath Lingum\Downloads\config\user-aliases.cmd"/>
    <property name="PSModulePath" value="C:\Windows\system32\WindowsPowerShell\v1.0\Modules\"/>
    <property name="PCBRAND" value="Pavilion"/>
    <property name="ConEmuBaseDir" value="C:\Users\Viswanath Lingum\Downloads\vendor\conemu-maximus5\ConEmu"/>
    <property name="USERDOMAIN" value="MMR"/>
    <property name="sun.os.patch.level" value=""/>
    <property name="java.vendor.url" value="http://java.oracle.com/"/>
    <property name="verbose-output" value="0"/>
    <property name="CommonProgramFiles(x86)" value="C:\Program Files (x86)\Common Files"/>
    <property name="java.version" value="1.8.0_45"/>
    <property name="JOB_NAME" value="Firstone"/>
    <property name="COMPUTERNAME" value="MMR"/>
    <property name="java.vendor.url.bug" value="http://bugreport.sun.com/bugreport/"/>
    <property name="PUBLIC" value="C:\Users\Public"/>
    <property name="ConEmuCfgDir" value="C:\Users\Viswanath Lingum\Downloads\vendor\conemu-maximus5"/>
    <property name="GIT_INSTALL_ROOT" value="C:\Users\Viswanath Lingum\Downloads\vendor\git-for-windows"/>
    <property name="user.name" value="Viswanath Lingum"/>
    <property name="architecture" value="64"/>
    <property name="ConEmuWorkDrive" value="C:"/>
    <property name="sun.io.unicode.encoding" value="UnicodeLittle"/>
    <property name="sun.jnu.encoding" value="Cp1252"/>
    <property name="java.runtime.name" value="Java(TM) SE Runtime Environment"/>
    <property name="windir" value="C:\Windows"/>
    <property name="PROCESSOR_IDENTIFIER" value="Intel64 Family 6 Model 58 Stepping 9, GenuineIntel"/>
    <property name="java.specification.name" value="Java Platform API Specification"/>
    <property name="LOCALAPPDATA" value="C:\Users\Viswanath Lingum\AppData\Local"/>
    <property name="RUN_CHANGES_DISPLAY_URL" value="http://localhost:8080/job/Firstone/4/display/redirect?page=changes"/>
    <property name="user.timezone" value="Asia/Calcutta"/>
    <property name="user.script" value=""/>
    <property name="path.separator" value=";"/>
    <property name="NUMBER_OF_PROCESSORS" value="4"/>
    <property name="BUILD_TAG" value="jenkins-Firstone-4"/>
    <property name="TERM" value="cygwin"/>
    <property name="file.encoding" value="Cp1252"/>
    <property name="sun.java.command" value="jenkins.maven3.agent.Maven33Main C:\Users\Viswanath Lingum\Downloads\apache-maven-3.3.9-bin\apache-maven-3.3.9 C:\Users\Viswanath Lingum\.jenkins\war\WEB-INF\lib\remoting-3.29.jar C:\Users\Viswanath Lingum\.jenkins\plugins\maven-plugin\WEB-INF\lib\maven33-interceptor-1.13.jar C:\Users\Viswanath Lingum\.jenkins\plugins\maven-plugin\WEB-INF\lib\maven3-interceptor-commons-1.13.jar 54943"/>
    <property name="HUDSON_URL" value="http://localhost:8080/"/>
    <property name="JENKINS_SERVER_COOKIE" value="a01195cc17b8ee96"/>
    <property name="ConEmuHWND" value="0x000D0438"/>
    <property name="EXECUTOR_NUMBER" value="0"/>
    <property name="Path" value="C:\Program Files\Java\jdk1.8.0_45/bin;C:\Users\Viswanath Lingum\Downloads\bin;C:\Users\Viswanath Lingum\Downloads\vendor\git-for-windows\cmd;C:\Users\Viswanath Lingum\Downloads\vendor\conemu-maximus5\ConEmu\Scripts;C:\Users\Viswanath Lingum\Downloads\vendor\conemu-maximus5;C:\Users\Viswanath Lingum\Downloads\vendor\conemu-maximus5\ConEmu;C:\ProgramData\Oracle\Java\javapath;C:\Program Files (x86)\Common Files\Oracle\Java\javapath;D:\product\11.2.0\dbhome_1\jdk\bin;D:\product\11.2.0\dbhome_1\bin;C:\Program Files (x86)\Intel\iCLS Client\;C:\Program Files\Intel\iCLS Client\;C:\Windows\system32;C:\Windows;C:\Windows\System32\Wbem;C:\Windows\System32\WindowsPowerShell\v1.0\;C:\Program Files (x86)\Windows Live\Shared;C:\Program Files\Intel\Intel(R) Management Engine Components\DAL;C:\Program Files\Intel\Intel(R) Management Engine Components\IPT;C:\Program Files (x86)\Intel\Intel(R) Management Engine Components\DAL;C:\Program Files (x86)\Intel\Intel(R) Management Engine Components\IPT;C:\Program Files (x86)\Intel\OpenCL SDK\3.0\bin\x86;C:\Program Files (x86)\Intel\OpenCL SDK\3.0\bin\x64;C:\PROGRA~2\Groovy\GROOVY~1.0\bin;C:\Program Files\Java\jdk1.8.0_45\bin;C:\Users\Viswanath Lingum\Downloads\apache-maven-3.3.9-bin\apache-maven-3.3.9\bin;C:\Users\Viswanath Lingum\Downloads\vendor\git-for-windows\mingw64;C:\Users\Viswanath Lingum\Downloads\vendor\git-for-windows\usr\bin;C:\Users\Viswanath Lingum\Downloads"/>
    <property name="PLINK_PROTOCOL" value="ssh"/>
    <property name="debug-output" value="0"/>
    <property name="lib_git" value="call &quot;C:\Users\Viswanath Lingum\Downloads\vendor\lib\lib_git.cmd&quot;"/>
    <property name="ConEmuPID" value="6280"/>
    <property name="GROOVY_HOME" value="C:\PROGRA~2\Groovy\GROOVY~1.0"/>
    <property name="java.io.tmpdir" value="C:\Users\VISWAN~1\AppData\Local\Temp\"/>
    <property name="APPDATA" value="C:\Users\Viswanath Lingum\AppData\Roaming"/>
    <property name="user.language" value="en"/>
    <property name="line.separator" value="&#10;"/>
    <property name="BUILD_URL" value="http://localhost:8080/job/Firstone/4/"/>
    <property name="ConEmuBackHWND" value="0x0003056E"/>
    <property name="M2_HOME" value="C:\Users\Viswanath Lingum\Downloads\apache-maven-3.3.9-bin\apache-maven-3.3.9"/>
    <property name="=C:" value="C:\Users\Viswanath Lingum\Downloads"/>
    <property name="java.vm.info" value="mixed mode"/>
    <property name="sun.desktop" value="windows"/>
    <property name="java.vm.specification.name" value="Java Virtual Machine Specification"/>
    <property name="BUILD_DISPLAY_NAME" value="#4"/>
    <property name="OS" value="Windows_NT"/>
    <property name="ANSICON" value="168x1000 (168x41)"/>
    <property name="guice.disable.misplaced.annotation.check" value="true"/>
    <property name="HUDSON_SERVER_COOKIE" value="a01195cc17b8ee96"/>
    <property name="MAVEN_HOME" value="C:\Users\Viswanath Lingum\Downloads\apache-maven-3.3.9-bin\apache-maven-3.3.9"/>
    <property name="ConEmuPalette" value="Monokai"/>
    <property name="SESSIONNAME" value="Console"/>
    <property name="PATHEXT" value=".COM;.EXE;.BAT;.CMD;.VBS;.VBE;.JS;.JSE;.WSF;.WSH;.MSC;.groovy;.gy"/>
    <property name="java.awt.printerjob" value="sun.awt.windows.WPrinterJob"/>
    <property name="maven3.interceptor.common" value="C:\Users\Viswanath Lingum\.jenkins\plugins\maven-plugin\WEB-INF\lib\maven3-interceptor-commons-1.13.jar"/>
    <property name="CLASSPATH" value=""/>
    <property name="lib_profile" value="call &quot;C:\Users\Viswanath Lingum\Downloads\vendor\lib\lib_profile.cmd&quot;"/>
    <property name="HOMEPATH" value="\Users\Viswanath Lingum"/>
    <property name="max_depth" value="1"/>
    <property name="os.name" value="Windows 8"/>
    <property name="java.specification.vendor" value="Oracle Corporation"/>
    <property name="FP_NO_HOST_CHECK" value="NO"/>
    <property name="java.vm.name" value="Java HotSpot(TM) 64-Bit Server VM"/>
    <property name="BUILD_NUMBER" value="4"/>
    <property name="maven3.interceptor" value="C:\Users\Viswanath Lingum\.jenkins\plugins\maven-plugin\WEB-INF\lib\maven33-interceptor-1.13.jar"/>
    <property name="java.library.path" value="C:\Program Files\Java\jdk1.8.0_45\bin;C:\Windows\Sun\Java\bin;C:\Windows\system32;C:\Windows;C:\Users\Viswanath Lingum\Downloads\apache-maven-3.3.9-bin\apache-maven-3.3.9/bin;C:\Program Files\Java\jdk1.8.0_45/bin;C:\Program Files\Java\jdk1.8.0_45/bin;C:\Users\Viswanath Lingum\Downloads\bin;C:\Users\Viswanath Lingum\Downloads\vendor\git-for-windows\cmd;C:\Users\Viswanath Lingum\Downloads\vendor\conemu-maximus5\ConEmu\Scripts;C:\Users\Viswanath Lingum\Downloads\vendor\conemu-maximus5;C:\Users\Viswanath Lingum\Downloads\vendor\conemu-maximus5\ConEmu;C:\ProgramData\Oracle\Java\javapath;C:\Program Files (x86)\Common Files\Oracle\Java\javapath;D:\product\11.2.0\dbhome_1\jdk\bin;D:\product\11.2.0\dbhome_1\bin;C:\Program Files (x86)\Intel\iCLS Client\;C:\Program Files\Intel\iCLS Client\;C:\Windows\system32;C:\Windows;C:\Windows\System32\Wbem;C:\Windows\System32\WindowsPowerShell\v1.0\;C:\Program Files (x86)\Windows Live\Shared;C:\Program Files\Intel\Intel(R) Management Engine Components\DAL;C:\Program Files\Intel\Intel(R) Management Engine Components\IPT;C:\Program Files (x86)\Intel\Intel(R) Management Engine Components\DAL;C:\Program Files (x86)\Intel\Intel(R) Management Engine Components\IPT;C:\Program Files (x86)\Intel\OpenCL SDK\3.0\bin\x86;C:\Program Files (x86)\Intel\OpenCL SDK\3.0\bin\x64;C:\PROGRA~2\Groovy\GROOVY~1.0\bin;C:\Program Files\Java\jdk1.8.0_45\bin;C:\Users\Viswanath Lingum\Downloads\apache-maven-3.3.9-bin\apache-maven-3.3.9\bin;C:\Users\Viswanath Lingum\Downloads\vendor\git-for-windows\mingw64;C:\Users\Viswanath Lingum\Downloads\vendor\git-for-windows\usr\bin;C:\Users\Viswanath Lingum\Downloads;."/>
    <property name="HOMEDRIVE" value="C:"/>
    <property name="POM_GROUPID" value="Afternoonbatch"/>
    <property name="POM_ARTIFACTID" value="Afternoonbatch"/>
    <property name="java.class.version" value="52.0"/>
    <property name="JOB_URL" value="http://localhost:8080/job/Firstone/"/>
    <property name="architecture_bits" value="64"/>
    <property name="RUN_DISPLAY_URL" value="http://localhost:8080/job/Firstone/4/display/redirect"/>
    <property name="JENKINS_HOME" value="C:\Users\Viswanath Lingum\.jenkins"/>
    <property name="BUILD_ID" value="4"/>
    <property name="TEMP" value="C:\Users\VISWAN~1\AppData\Local\Temp"/>
    <property name="sun.boot.library.path" value="C:\Program Files\Java\jdk1.8.0_45\jre\bin"/>
    <property name="ConEmuDrawHWND" value="0x001604B0"/>
    <property name="sun.management.compiler" value="HotSpot 64-Bit Tiered Compilers"/>
    <property name="java.awt.graphicsenv" value="sun.awt.Win32GraphicsEnvironment"/>
    <property name="user.variant" value=""/>
    <property name="PROCESSOR_REVISION" value="3a09"/>
    <property name="POM_VERSION" value="0.0.1-SNAPSHOT"/>
    <property name="HUDSON_HOME" value="C:\Users\Viswanath Lingum\.jenkins"/>
    <property name="ProgramFiles(x86)" value="C:\Program Files (x86)"/>
    <property name="PATH+MAVEN" value="C:\Users\Viswanath Lingum\Downloads\apache-maven-3.3.9-bin\apache-maven-3.3.9/bin"/>
    <property name="USERDOMAIN_ROAMINGPROFILE" value="MMR"/>
    <property name="PROMPT" value="C&amp;#8;L&amp;#8;I&amp;#8;N&amp;#8;K&amp;#8; &amp;#8;$P$G"/>
    <property name="ConEmuTask" value="{cmd::Cmder}"/>
    <property name="ConEmuDir" value="C:\Users\Viswanath Lingum\Downloads\vendor\conemu-maximus5"/>
    <property name="java.vm.specification.version" value="1.8"/>
    <property name="JAVA_HOME" value="C:\Program Files\Java\jdk1.8.0_45"/>
    <property name="awt.toolkit" value="sun.awt.windows.WToolkit"/>
    <property name="NODE_LABELS" value="master"/>
    <property name="SVN_SSH" value="C:\\Users\\Viswanath Lingum\\Downloads\\vendor\\git-for-windows\\bin\\ssh.exe"/>
    <property name="sun.cpu.isalist" value="amd64"/>
    <property name="USERPROFILE" value="C:\Users\Viswanath Lingum"/>
    <property name="JOB_DISPLAY_URL" value="http://localhost:8080/job/Firstone/display/redirect"/>
    <property name="java.ext.dirs" value="C:\Program Files\Java\jdk1.8.0_45\jre\lib\ext;C:\Windows\Sun\Java\lib\ext"/>
    <property name="os.version" value="6.2"/>
    <property name="user.home" value="C:\Users\Viswanath Lingum"/>
    <property name="USERNAME" value="Viswanath Lingum"/>
    <property name="java.vm.vendor" value="Oracle Corporation"/>
    <property name="PROCESSOR_LEVEL" value="6"/>
    <property name="ConEmuDrive" value="C:"/>
    <property name="CommonProgramW6432" value="C:\Program Files\Common Files"/>
    <property name="user.dir" value="D:\eclipsejava\Afternoonbatch"/>
    <property name="ConEmuAnsiLog" value=""/>
    <property name="ProgramW6432" value="C:\Program Files"/>
    <property name="ConEmuHooks" value="Enabled"/>
    <property name="TMP" value="C:\Users\VISWAN~1\AppData\Local\Temp"/>
    <property name="ConEmuBuild" value="180528"/>
    <property name="ConEmuWorkDir" value="C:\Users\Viswanath Lingum\Downloads"/>
    <property name="ConEmuBaseDirShort" value="C:\Users\VISWAN~1\Downloads\vendor\conemu-maximus5\ConEmu"/>
    <property name="sun.cpu.endian" value="little"/>
    <property name="lib_path" value="call &quot;C:\Users\Viswanath Lingum\Downloads\vendor\lib\lib_path.cmd&quot;"/>
    <property name="SystemDrive" value="C:"/>
    <property name="java.vm.version" value="25.45-b02"/>
    <property name="java.class.path" value="C:\Users\Viswanath Lingum\.jenkins\plugins\maven-plugin\WEB-INF\lib\maven33-agent-1.13.jar;C:\Users\Viswanath Lingum\Downloads\apache-maven-3.3.9-bin\apache-maven-3.3.9\boot\plexus-classworlds-2.5.2.jar;C:\Users\Viswanath Lingum\Downloads\apache-maven-3.3.9-bin\apache-maven-3.3.9/conf/logging"/>
    <property name="org.slf4j.simpleLogger.defaultLogLevel" value="debug"/>
    <property name="ANSICON_DEF" value="7"/>
    <property name="os.arch" value="amd64"/>
    <property name="lib_base" value="call &quot;C:\Users\Viswanath Lingum\Downloads\vendor\lib\lib_base.cmd&quot;"/>
    <property name="ComSpec" value="C:\Windows\system32\cmd.exe"/>
    <property name="WORKSPACE" value="C:\Users\Viswanath Lingum\.jenkins\workspace\Firstone"/>
    <property name="ConEmuConfig" value=""/>
    <property name="sun.java.launcher" value="SUN_STANDARD"/>
    <property name="ConEmuArgs" value="/Icon &quot;C:\Users\Viswanath Lingum\Downloads\icons\cmder.ico&quot; /Title Cmder /dir &quot;&quot;"/>
    <property name="SystemRoot" value="C:\Windows"/>
    <property name="CommonProgramFiles" value="C:\Program Files\Common Files"/>
    <property name="ConEmuServerPID" value="5596"/>
    <property name="java.vm.specification.vendor" value="Oracle Corporation"/>
    <property name="file.separator" value="\"/>
    <property name="java.runtime.version" value="1.8.0_45-b15"/>
    <property name="sun.boot.class.path" value="C:\Program Files\Java\jdk1.8.0_45\jre\lib\resources.jar;C:\Program Files\Java\jdk1.8.0_45\jre\lib\rt.jar;C:\Program Files\Java\jdk1.8.0_45\jre\lib\sunrsasign.jar;C:\Program Files\Java\jdk1.8.0_45\jre\lib\jsse.jar;C:\Program Files\Java\jdk1.8.0_45\jre\lib\jce.jar;C:\Program Files\Java\jdk1.8.0_45\jre\lib\charsets.jar;C:\Program Files\Java\jdk1.8.0_45\jre\lib\jfr.jar;C:\Program Files\Java\jdk1.8.0_45\jre\classes"/>
    <property name="ProgramFiles" value="C:\Program Files"/>
    <property name="ConEmuANSI" value="ON"/>
    <property name="OnlineServices" value="Online Services"/>
    <property name="PATH+JDK" value="C:\Program Files\Java\jdk1.8.0_45/bin"/>
    <property name="user.country" value="US"/>
    <property name="=ExitCode" value="00000082"/>
    <property name="POM_PACKAGING" value="jar"/>
    <property name="maven.home" value="C:\Users\Viswanath Lingum\Downloads\apache-maven-3.3.9-bin\apache-maven-3.3.9"/>
    <property name="CMDER_ROOT" value="C:\Users\Viswanath Lingum\Downloads"/>
    <property name="JOB_BASE_NAME" value="Firstone"/>
    <property name="HOME" value="C:\Users\Viswanath Lingum"/>
    <property name="java.vendor" value="Oracle Corporation"/>
    <property name="POM_DISPLAYNAME" value="Afternoonbatch"/>
    <property name="java.specification.version" value="1.8"/>
    <property name="lib_console" value="call &quot;C:\Users\Viswanath Lingum\Downloads\vendor\lib\lib_console.cmd&quot;"/>
    <property name="sun.arch.data.model" value="64"/>
  </properties>
  <testcase name="D" classname="com.sellabs.testng.sample" time="0.002"/>
  <testcase name="A" classname="com.sellabs.testng.sample" time="0.001"/>
  <testcase name="E" classname="com.sellabs.testng.sample" time="0.001"/>
  <testcase name="R" classname="com.sellabs.testng.sample2" time="0"/>
</testsuite>