<?xml version="1.0" encoding="UTF-8"?>
<!-- Generated by org.testng.reporters.JUnitReportReporter -->
<testsuite hostname="MMR" name="com.sellabs.testng.sample" tests="3" failures="0" timestamp="21 Jul 2019 11:36:58 GMT" time="0.027" errors="0">
  <testcase name="A" time="0.004" classname="com.sellabs.testng.sample"/>
  <testcase name="D" time="0.018" classname="com.sellabs.testng.sample"/>
  <testcase name="E" time="0.005" classname="com.sellabs.testng.sample"/>
</testsuite> <!-- com.sellabs.testng.sample -->
