<?xml version="1.0" encoding="UTF-8"?>
<!-- Generated by org.testng.reporters.JUnitReportReporter -->
<testsuite hostname="MMR" name="com.sellabs.testng.sample2" tests="1" failures="0" timestamp="21 Jul 2019 11:36:58 GMT" time="0.002" errors="0">
  <testcase name="R" time="0.002" classname="com.sellabs.testng.sample2"/>
</testsuite> <!-- com.sellabs.testng.sample2 -->
