<?xml version="1.0" encoding="UTF-8"?>
<!-- Generated by org.testng.reporters.JUnitReportReporter -->
<testsuite hostname="MMR" name="com.sellabs.testng.sample2" tests="1" failures="0" timestamp="21 Aug 2019 12:50:31 GMT" time="0.001" errors="0">
  <testcase name="R" time="0.001" classname="com.sellabs.testng.sample2"/>
</testsuite> <!-- com.sellabs.testng.sample2 -->
