<?xml version="1.0" encoding="UTF-8"?>
<!-- Generated by org.testng.reporters.JUnitReportReporter -->
<testsuite hostname="MMR" name="com.sellabs.testng.sample" tests="3" failures="0" timestamp="1 Aug 2019 12:26:16 GMT" time="0.029" errors="0">
  <testcase name="D" time="0.002" classname="com.sellabs.testng.sample"/>
  <testcase name="A" time="0.001" classname="com.sellabs.testng.sample"/>
  <testcase name="E" time="0.026" classname="com.sellabs.testng.sample"/>
</testsuite> <!-- com.sellabs.testng.sample -->
