<?xml version="1.0" encoding="UTF-8"?>
<!-- Generated by org.testng.reporters.JUnitReportReporter -->
<testsuite hostname="MMR" name="com.sellabs.testng.sample2" tests="1" failures="0" timestamp="1 Aug 2019 12:26:16 GMT" time="0.000" errors="0">
  <testcase name="R" time="0.000" classname="com.sellabs.testng.sample2"/>
</testsuite> <!-- com.sellabs.testng.sample2 -->
