<?xml version="1.0" encoding="UTF-8"?>
<!-- Generated by org.testng.reporters.JUnitReportReporter -->
<testsuite hostname="MMR" name="com.sellabs.testng.sample" tests="3" failures="0" timestamp="21 Aug 2019 12:50:31 GMT" time="0.017" errors="0">
  <testcase name="D" time="0.003" classname="com.sellabs.testng.sample"/>
  <testcase name="A" time="0.002" classname="com.sellabs.testng.sample"/>
  <testcase name="E" time="0.012" classname="com.sellabs.testng.sample"/>
</testsuite> <!-- com.sellabs.testng.sample -->
